{"C:\\Users\\pierr\\Desktop\\Master Info\\S1\\CAPI\\Projet_CAPI\\views\\data\\game_class.js": {"path":"C:\\Users\\pierr\\Desktop\\Master Info\\S1\\CAPI\\Projet_CAPI\\views\\data\\game_class.js","statementMap":{"0":{"start":{"line":20,"column":8},"end":{"line":29,"column":9}},"1":{"start":{"line":21,"column":12},"end":{"line":21,"column":85}},"2":{"start":{"line":23,"column":12},"end":{"line":23,"column":25}},"3":{"start":{"line":24,"column":12},"end":{"line":24,"column":29}},"4":{"start":{"line":25,"column":12},"end":{"line":25,"column":29}},"5":{"start":{"line":27,"column":12},"end":{"line":27,"column":31}},"6":{"start":{"line":28,"column":12},"end":{"line":28,"column":37}},"7":{"start":{"line":37,"column":8},"end":{"line":37,"column":23}},"8":{"start":{"line":44,"column":8},"end":{"line":44,"column":21}},"9":{"start":{"line":51,"column":8},"end":{"line":51,"column":25}},"10":{"start":{"line":58,"column":8},"end":{"line":58,"column":25}},"11":{"start":{"line":65,"column":8},"end":{"line":65,"column":25}},"12":{"start":{"line":72,"column":8},"end":{"line":72,"column":25}},"13":{"start":{"line":80,"column":20},"end":{"line":80,"column":22}},"14":{"start":{"line":81,"column":8},"end":{"line":83,"column":9}},"15":{"start":{"line":82,"column":12},"end":{"line":82,"column":33}},"16":{"start":{"line":84,"column":8},"end":{"line":84,"column":20}},"17":{"start":{"line":91,"column":8},"end":{"line":93,"column":9}},"18":{"start":{"line":91,"column":20},"end":{"line":91,"column":21}},"19":{"start":{"line":92,"column":12},"end":{"line":92,"column":51}},"20":{"start":{"line":100,"column":8},"end":{"line":100,"column":29}},"21":{"start":{"line":107,"column":8},"end":{"line":107,"column":33}},"22":{"start":{"line":122,"column":8},"end":{"line":122,"column":19}},"23":{"start":{"line":123,"column":8},"end":{"line":123,"column":23}},"24":{"start":{"line":131,"column":8},"end":{"line":131,"column":23}},"25":{"start":{"line":138,"column":8},"end":{"line":138,"column":21}},"26":{"start":{"line":145,"column":8},"end":{"line":145,"column":25}},"27":{"start":{"line":152,"column":8},"end":{"line":152,"column":25}},"28":{"start":{"line":171,"column":8},"end":{"line":171,"column":19}},"29":{"start":{"line":172,"column":8},"end":{"line":172,"column":25}},"30":{"start":{"line":173,"column":8},"end":{"line":173,"column":37}},"31":{"start":{"line":175,"column":8},"end":{"line":175,"column":25}},"32":{"start":{"line":182,"column":8},"end":{"line":182,"column":23}},"33":{"start":{"line":189,"column":8},"end":{"line":189,"column":21}},"34":{"start":{"line":195,"column":8},"end":{"line":195,"column":26}},"35":{"start":{"line":202,"column":8},"end":{"line":202,"column":27}},"36":{"start":{"line":208,"column":8},"end":{"line":208,"column":32}},"37":{"start":{"line":215,"column":8},"end":{"line":215,"column":39}},"38":{"start":{"line":221,"column":8},"end":{"line":221,"column":25}},"39":{"start":{"line":228,"column":8},"end":{"line":228,"column":25}}},"fnMap":{"0":{"name":"(anonymous_0)","decl":{"start":{"line":19,"column":4},"end":{"line":19,"column":5}},"loc":{"start":{"line":19,"column":44},"end":{"line":30,"column":5}},"line":19},"1":{"name":"(anonymous_1)","decl":{"start":{"line":36,"column":4},"end":{"line":36,"column":5}},"loc":{"start":{"line":36,"column":12},"end":{"line":38,"column":5}},"line":36},"2":{"name":"(anonymous_2)","decl":{"start":{"line":43,"column":4},"end":{"line":43,"column":5}},"loc":{"start":{"line":43,"column":14},"end":{"line":45,"column":5}},"line":43},"3":{"name":"(anonymous_3)","decl":{"start":{"line":50,"column":4},"end":{"line":50,"column":5}},"loc":{"start":{"line":50,"column":14},"end":{"line":52,"column":5}},"line":50},"4":{"name":"(anonymous_4)","decl":{"start":{"line":57,"column":4},"end":{"line":57,"column":5}},"loc":{"start":{"line":57,"column":18},"end":{"line":59,"column":5}},"line":57},"5":{"name":"(anonymous_5)","decl":{"start":{"line":64,"column":4},"end":{"line":64,"column":5}},"loc":{"start":{"line":64,"column":14},"end":{"line":66,"column":5}},"line":64},"6":{"name":"(anonymous_6)","decl":{"start":{"line":71,"column":4},"end":{"line":71,"column":5}},"loc":{"start":{"line":71,"column":18},"end":{"line":73,"column":5}},"line":71},"7":{"name":"(anonymous_7)","decl":{"start":{"line":79,"column":4},"end":{"line":79,"column":5}},"loc":{"start":{"line":79,"column":15},"end":{"line":85,"column":5}},"line":79},"8":{"name":"(anonymous_8)","decl":{"start":{"line":90,"column":4},"end":{"line":90,"column":5}},"loc":{"start":{"line":90,"column":20},"end":{"line":94,"column":5}},"line":90},"9":{"name":"(anonymous_9)","decl":{"start":{"line":99,"column":4},"end":{"line":99,"column":5}},"loc":{"start":{"line":99,"column":18},"end":{"line":101,"column":5}},"line":99},"10":{"name":"(anonymous_10)","decl":{"start":{"line":106,"column":4},"end":{"line":106,"column":5}},"loc":{"start":{"line":106,"column":26},"end":{"line":108,"column":5}},"line":106},"11":{"name":"(anonymous_11)","decl":{"start":{"line":121,"column":4},"end":{"line":121,"column":5}},"loc":{"start":{"line":121,"column":24},"end":{"line":124,"column":5}},"line":121},"12":{"name":"(anonymous_12)","decl":{"start":{"line":130,"column":4},"end":{"line":130,"column":5}},"loc":{"start":{"line":130,"column":12},"end":{"line":132,"column":5}},"line":130},"13":{"name":"(anonymous_13)","decl":{"start":{"line":137,"column":4},"end":{"line":137,"column":5}},"loc":{"start":{"line":137,"column":14},"end":{"line":139,"column":5}},"line":137},"14":{"name":"(anonymous_14)","decl":{"start":{"line":144,"column":4},"end":{"line":144,"column":5}},"loc":{"start":{"line":144,"column":14},"end":{"line":146,"column":5}},"line":144},"15":{"name":"(anonymous_15)","decl":{"start":{"line":151,"column":4},"end":{"line":151,"column":5}},"loc":{"start":{"line":151,"column":18},"end":{"line":153,"column":5}},"line":151},"16":{"name":"(anonymous_16)","decl":{"start":{"line":170,"column":4},"end":{"line":170,"column":5}},"loc":{"start":{"line":170,"column":42},"end":{"line":176,"column":5}},"line":170},"17":{"name":"(anonymous_17)","decl":{"start":{"line":181,"column":4},"end":{"line":181,"column":5}},"loc":{"start":{"line":181,"column":12},"end":{"line":183,"column":5}},"line":181},"18":{"name":"(anonymous_18)","decl":{"start":{"line":188,"column":4},"end":{"line":188,"column":5}},"loc":{"start":{"line":188,"column":14},"end":{"line":190,"column":5}},"line":188},"19":{"name":"(anonymous_19)","decl":{"start":{"line":194,"column":4},"end":{"line":194,"column":5}},"loc":{"start":{"line":194,"column":15},"end":{"line":196,"column":5}},"line":194},"20":{"name":"(anonymous_20)","decl":{"start":{"line":201,"column":4},"end":{"line":201,"column":5}},"loc":{"start":{"line":201,"column":20},"end":{"line":203,"column":5}},"line":201},"21":{"name":"(anonymous_21)","decl":{"start":{"line":207,"column":4},"end":{"line":207,"column":5}},"loc":{"start":{"line":207,"column":21},"end":{"line":209,"column":5}},"line":207},"22":{"name":"(anonymous_22)","decl":{"start":{"line":214,"column":4},"end":{"line":214,"column":5}},"loc":{"start":{"line":214,"column":32},"end":{"line":216,"column":5}},"line":214},"23":{"name":"(anonymous_23)","decl":{"start":{"line":220,"column":4},"end":{"line":220,"column":5}},"loc":{"start":{"line":220,"column":14},"end":{"line":222,"column":5}},"line":220},"24":{"name":"(anonymous_24)","decl":{"start":{"line":227,"column":4},"end":{"line":227,"column":5}},"loc":{"start":{"line":227,"column":18},"end":{"line":229,"column":5}},"line":227}},"branchMap":{"0":{"loc":{"start":{"line":20,"column":8},"end":{"line":29,"column":9}},"type":"if","locations":[{"start":{"line":20,"column":8},"end":{"line":29,"column":9}},{"start":{"line":22,"column":13},"end":{"line":29,"column":9}}],"line":20},"1":{"loc":{"start":{"line":20,"column":11},"end":{"line":20,"column":71}},"type":"binary-expr","locations":[{"start":{"line":20,"column":11},"end":{"line":20,"column":27}},{"start":{"line":20,"column":31},"end":{"line":20,"column":49}},{"start":{"line":20,"column":53},"end":{"line":20,"column":71}}],"line":20}},"s":{"0":1,"1":0,"2":1,"3":1,"4":1,"5":1,"6":1,"7":0,"8":0,"9":1,"10":0,"11":0,"12":0,"13":1,"14":1,"15":2,"16":1,"17":0,"18":0,"19":0,"20":1,"21":0,"22":2,"23":2,"24":0,"25":0,"26":4,"27":0,"28":2,"29":2,"30":2,"31":2,"32":0,"33":0,"34":0,"35":0,"36":0,"37":0,"38":0,"39":0},"f":{"0":1,"1":0,"2":0,"3":1,"4":0,"5":0,"6":0,"7":1,"8":0,"9":1,"10":0,"11":2,"12":0,"13":0,"14":4,"15":0,"16":2,"17":0,"18":0,"19":0,"20":0,"21":0,"22":0,"23":0,"24":0},"b":{"0":[0,1],"1":[1,1,1]},"_coverageSchema":"1a1c01bbd47fc00a2c39e90264f33305004495a9","hash":"32c1bb816bdda94afd8c8f4cb0d2a3c88e6b6393"}
,"C:\\Users\\pierr\\Desktop\\Master Info\\S1\\CAPI\\Projet_CAPI\\views\\data\\local-storage_class.js": {"path":"C:\\Users\\pierr\\Desktop\\Master Info\\S1\\CAPI\\Projet_CAPI\\views\\data\\local-storage_class.js","statementMap":{"0":{"start":{"line":7,"column":4},"end":{"line":7,"column":56}},"1":{"start":{"line":16,"column":4},"end":{"line":16,"column":53}},"2":{"start":{"line":24,"column":4},"end":{"line":24,"column":37}}},"fnMap":{"0":{"name":"setItem","decl":{"start":{"line":6,"column":16},"end":{"line":6,"column":23}},"loc":{"start":{"line":6,"column":40},"end":{"line":8,"column":1}},"line":6},"1":{"name":"getItem","decl":{"start":{"line":15,"column":16},"end":{"line":15,"column":23}},"loc":{"start":{"line":15,"column":34},"end":{"line":17,"column":1}},"line":15},"2":{"name":"deleteItem","decl":{"start":{"line":23,"column":16},"end":{"line":23,"column":26}},"loc":{"start":{"line":23,"column":36},"end":{"line":25,"column":1}},"line":23}},"branchMap":{},"s":{"0":0,"1":0,"2":0},"f":{"0":0,"1":0,"2":0},"b":{},"_coverageSchema":"1a1c01bbd47fc00a2c39e90264f33305004495a9","hash":"185bcdfab32acfe33b05c3a2370db61633acdd9a"}
}
