TN:
SF:views\data\game_class.js
FN:19,(anonymous_0)
FN:36,(anonymous_1)
FN:43,(anonymous_2)
FN:50,(anonymous_3)
FN:57,(anonymous_4)
FN:64,(anonymous_5)
FN:71,(anonymous_6)
FN:79,(anonymous_7)
FN:90,(anonymous_8)
FN:99,(anonymous_9)
FN:106,(anonymous_10)
FN:121,(anonymous_11)
FN:130,(anonymous_12)
FN:137,(anonymous_13)
FN:144,(anonymous_14)
FN:151,(anonymous_15)
FN:170,(anonymous_16)
FN:181,(anonymous_17)
FN:188,(anonymous_18)
FN:194,(anonymous_19)
FN:201,(anonymous_20)
FN:207,(anonymous_21)
FN:214,(anonymous_22)
FN:220,(anonymous_23)
FN:227,(anonymous_24)
FNF:25
FNH:7
FNDA:1,(anonymous_0)
FNDA:0,(anonymous_1)
FNDA:0,(anonymous_2)
FNDA:1,(anonymous_3)
FNDA:0,(anonymous_4)
FNDA:0,(anonymous_5)
FNDA:0,(anonymous_6)
FNDA:1,(anonymous_7)
FNDA:0,(anonymous_8)
FNDA:1,(anonymous_9)
FNDA:0,(anonymous_10)
FNDA:2,(anonymous_11)
FNDA:0,(anonymous_12)
FNDA:0,(anonymous_13)
FNDA:4,(anonymous_14)
FNDA:0,(anonymous_15)
FNDA:2,(anonymous_16)
FNDA:0,(anonymous_17)
FNDA:0,(anonymous_18)
FNDA:0,(anonymous_19)
FNDA:0,(anonymous_20)
FNDA:0,(anonymous_21)
FNDA:0,(anonymous_22)
FNDA:0,(anonymous_23)
FNDA:0,(anonymous_24)
DA:20,1
DA:21,0
DA:23,1
DA:24,1
DA:25,1
DA:27,1
DA:28,1
DA:37,0
DA:44,0
DA:51,1
DA:58,0
DA:65,0
DA:72,0
DA:80,1
DA:81,1
DA:82,2
DA:84,1
DA:91,0
DA:92,0
DA:100,1
DA:107,0
DA:122,2
DA:123,2
DA:131,0
DA:138,0
DA:145,4
DA:152,0
DA:171,2
DA:172,2
DA:173,2
DA:175,2
DA:182,0
DA:189,0
DA:195,0
DA:202,0
DA:208,0
DA:215,0
DA:221,0
DA:228,0
LF:39
LH:19
BRDA:20,0,0,0
BRDA:20,0,1,1
BRDA:20,1,0,1
BRDA:20,1,1,1
BRDA:20,1,2,1
BRF:5
BRH:4
end_of_record
TN:
SF:views\data\local-storage_class.js
FN:6,setItem
FN:15,getItem
FN:23,deleteItem
FNF:3
FNH:0
FNDA:0,setItem
FNDA:0,getItem
FNDA:0,deleteItem
DA:7,0
DA:16,0
DA:24,0
LF:3
LH:0
BRF:0
BRH:0
end_of_record
